<?xml version="1.0" encoding="UTF-8"?>
<coverage generated="1575327834561" clover="3.2.0">
  <project timestamp="1575327834561" name="All files">
    <metrics statements="26" coveredstatements="26" conditionals="10" coveredconditionals="9" methods="10" coveredmethods="10" elements="46" coveredelements="45" complexity="0" loc="26" ncloc="26" packages="1" files="1" classes="1"/>
    <file name="types.js" path="/home/brittany/alchemy/career-track/lab-01-tdd-jest/lib/types.js">
      <metrics statements="26" coveredstatements="26" conditionals="10" coveredconditionals="9" methods="10" coveredmethods="10"/>
      <line num="1" count="12" type="stmt"/>
      <line num="3" count="1" type="stmt"/>
      <line num="4" count="6" type="cond" truecount="2" falsecount="0"/>
      <line num="5" count="5" type="stmt"/>
      <line num="6" count="5" type="cond" truecount="2" falsecount="0"/>
      <line num="7" count="3" type="stmt"/>
      <line num="10" count="11" type="stmt"/>
      <line num="12" count="1" type="stmt"/>
      <line num="13" count="4" type="cond" truecount="2" falsecount="0"/>
      <line num="14" count="2" type="stmt"/>
      <line num="15" count="2" type="stmt"/>
      <line num="18" count="8" type="stmt"/>
      <line num="20" count="1" type="stmt"/>
      <line num="21" count="3" type="cond" truecount="1" falsecount="1"/>
      <line num="22" count="3" type="stmt"/>
      <line num="23" count="3" type="stmt"/>
      <line num="26" count="5" type="stmt"/>
      <line num="28" count="5" type="stmt"/>
      <line num="32" count="2" type="stmt"/>
      <line num="33" count="2" type="stmt"/>
      <line num="34" count="2" type="stmt"/>
      <line num="35" count="2" type="stmt"/>
      <line num="39" count="1" type="stmt"/>
      <line num="43" count="1" type="stmt"/>
      <line num="44" count="2" type="cond" truecount="2" falsecount="0"/>
      <line num="47" count="1" type="stmt"/>
    </file>
  </project>
</coverage>
