{"/home/brittany/alchemy/career-track/lab-01-tdd-jest/lib/types.js": {"path":"/home/brittany/alchemy/career-track/lab-01-tdd-jest/lib/types.js","statementMap":{"0":{"start":{"line":1,"column":17},"end":{"line":1,"column":47}},"1":{"start":{"line":1,"column":24},"end":{"line":1,"column":47}},"2":{"start":{"line":3,"column":21},"end":{"line":8,"column":1}},"3":{"start":{"line":4,"column":2},"end":{"line":4,"column":32}},"4":{"start":{"line":4,"column":21},"end":{"line":4,"column":32}},"5":{"start":{"line":5,"column":17},"end":{"line":5,"column":28}},"6":{"start":{"line":6,"column":2},"end":{"line":6,"column":54}},"7":{"start":{"line":6,"column":21},"end":{"line":6,"column":54}},"8":{"start":{"line":7,"column":2},"end":{"line":7,"column":16}},"9":{"start":{"line":10,"column":17},"end":{"line":10,"column":47}},"10":{"start":{"line":10,"column":24},"end":{"line":10,"column":47}},"11":{"start":{"line":12,"column":21},"end":{"line":16,"column":1}},"12":{"start":{"line":13,"column":2},"end":{"line":13,"column":32}},"13":{"start":{"line":13,"column":21},"end":{"line":13,"column":32}},"14":{"start":{"line":14,"column":17},"end":{"line":14,"column":28}},"15":{"start":{"line":15,"column":2},"end":{"line":15,"column":16}},"16":{"start":{"line":18,"column":18},"end":{"line":18,"column":49}},"17":{"start":{"line":18,"column":25},"end":{"line":18,"column":49}},"18":{"start":{"line":20,"column":22},"end":{"line":24,"column":1}},"19":{"start":{"line":21,"column":2},"end":{"line":21,"column":33}},"20":{"start":{"line":21,"column":22},"end":{"line":21,"column":33}},"21":{"start":{"line":22,"column":18},"end":{"line":22,"column":30}},"22":{"start":{"line":23,"column":2},"end":{"line":23,"column":17}},"23":{"start":{"line":26,"column":16},"end":{"line":26,"column":41}},"24":{"start":{"line":26,"column":23},"end":{"line":26,"column":41}},"25":{"start":{"line":30,"column":17},"end":{"line":30,"column":26}},"26":{"start":{"line":31,"column":4},"end":{"line":31,"column":49}},"27":{"start":{"line":32,"column":4},"end":{"line":32,"column":21}},"28":{"start":{"line":33,"column":4},"end":{"line":33,"column":23}},"29":{"start":{"line":37,"column":16},"end":{"line":39,"column":1}},"30":{"start":{"line":41,"column":18},"end":{"line":43,"column":1}},"31":{"start":{"line":42,"column":2},"end":{"line":42,"column":36}},"32":{"start":{"line":45,"column":0},"end":{"line":55,"column":2}}},"fnMap":{"0":{"name":"(anonymous_0)","decl":{"start":{"line":1,"column":17},"end":{"line":1,"column":18}},"loc":{"start":{"line":1,"column":24},"end":{"line":1,"column":47}},"line":1},"1":{"name":"(anonymous_1)","decl":{"start":{"line":3,"column":21},"end":{"line":3,"column":22}},"loc":{"start":{"line":3,"column":28},"end":{"line":8,"column":1}},"line":3},"2":{"name":"(anonymous_2)","decl":{"start":{"line":10,"column":17},"end":{"line":10,"column":18}},"loc":{"start":{"line":10,"column":24},"end":{"line":10,"column":47}},"line":10},"3":{"name":"(anonymous_3)","decl":{"start":{"line":12,"column":21},"end":{"line":12,"column":22}},"loc":{"start":{"line":12,"column":28},"end":{"line":16,"column":1}},"line":12},"4":{"name":"(anonymous_4)","decl":{"start":{"line":18,"column":18},"end":{"line":18,"column":19}},"loc":{"start":{"line":18,"column":25},"end":{"line":18,"column":49}},"line":18},"5":{"name":"(anonymous_5)","decl":{"start":{"line":20,"column":22},"end":{"line":20,"column":23}},"loc":{"start":{"line":20,"column":29},"end":{"line":24,"column":1}},"line":20},"6":{"name":"(anonymous_6)","decl":{"start":{"line":26,"column":16},"end":{"line":26,"column":17}},"loc":{"start":{"line":26,"column":23},"end":{"line":26,"column":41}},"line":26},"7":{"name":"(anonymous_7)","decl":{"start":{"line":29,"column":2},"end":{"line":29,"column":3}},"loc":{"start":{"line":29,"column":27},"end":{"line":34,"column":3}},"line":29},"8":{"name":"(anonymous_8)","decl":{"start":{"line":41,"column":18},"end":{"line":41,"column":19}},"loc":{"start":{"line":41,"column":26},"end":{"line":43,"column":1}},"line":41}},"branchMap":{"0":{"loc":{"start":{"line":4,"column":2},"end":{"line":4,"column":32}},"type":"if","locations":[{"start":{"line":4,"column":2},"end":{"line":4,"column":32}},{"start":{"line":4,"column":2},"end":{"line":4,"column":32}}],"line":4},"1":{"loc":{"start":{"line":6,"column":2},"end":{"line":6,"column":54}},"type":"if","locations":[{"start":{"line":6,"column":2},"end":{"line":6,"column":54}},{"start":{"line":6,"column":2},"end":{"line":6,"column":54}}],"line":6},"2":{"loc":{"start":{"line":13,"column":2},"end":{"line":13,"column":32}},"type":"if","locations":[{"start":{"line":13,"column":2},"end":{"line":13,"column":32}},{"start":{"line":13,"column":2},"end":{"line":13,"column":32}}],"line":13},"3":{"loc":{"start":{"line":21,"column":2},"end":{"line":21,"column":33}},"type":"if","locations":[{"start":{"line":21,"column":2},"end":{"line":21,"column":33}},{"start":{"line":21,"column":2},"end":{"line":21,"column":33}}],"line":21},"4":{"loc":{"start":{"line":42,"column":9},"end":{"line":42,"column":35}},"type":"binary-expr","locations":[{"start":{"line":42,"column":9},"end":{"line":42,"column":27}},{"start":{"line":42,"column":31},"end":{"line":42,"column":35}}],"line":42}},"s":{"0":1,"1":12,"2":1,"3":6,"4":1,"5":5,"6":5,"7":2,"8":3,"9":1,"10":11,"11":1,"12":4,"13":2,"14":2,"15":2,"16":1,"17":8,"18":1,"19":3,"20":0,"21":3,"22":3,"23":1,"24":1,"25":2,"26":2,"27":2,"28":2,"29":1,"30":1,"31":2,"32":1},"f":{"0":12,"1":6,"2":11,"3":4,"4":8,"5":3,"6":1,"7":2,"8":2},"b":{"0":[1,5],"1":[2,3],"2":[2,2],"3":[0,3],"4":[2,1]},"_coverageSchema":"43e27e138ebf9cfc5966b082cf9a028302ed4184","hash":"34ac6c96481bc46636a470f97e20d42809ded6f7"}
}
