TN:
SF:/home/brittany/alchemy/career-track/lab-01-tdd-jest/lib/types.js
FN:1,(anonymous_0)
FN:3,(anonymous_1)
FN:10,(anonymous_2)
FN:12,(anonymous_3)
FN:18,(anonymous_4)
FN:20,(anonymous_5)
FN:26,(anonymous_6)
FN:28,(anonymous_7)
FN:31,(anonymous_8)
FN:43,(anonymous_9)
FNF:10
FNH:10
FNDA:12,(anonymous_0)
FNDA:6,(anonymous_1)
FNDA:11,(anonymous_2)
FNDA:4,(anonymous_3)
FNDA:8,(anonymous_4)
FNDA:3,(anonymous_5)
FNDA:5,(anonymous_6)
FNDA:5,(anonymous_7)
FNDA:2,(anonymous_8)
FNDA:2,(anonymous_9)
DA:1,12
DA:3,1
DA:4,6
DA:5,5
DA:6,5
DA:7,3
DA:10,11
DA:12,1
DA:13,4
DA:14,2
DA:15,2
DA:18,8
DA:20,1
DA:21,3
DA:22,3
DA:23,3
DA:26,5
DA:28,5
DA:32,2
DA:33,2
DA:34,2
DA:35,2
DA:39,1
DA:43,1
DA:44,2
DA:47,1
LF:26
LH:26
BRDA:4,0,0,1
BRDA:4,0,1,5
BRDA:6,1,0,2
BRDA:6,1,1,3
BRDA:13,2,0,2
BRDA:13,2,1,2
BRDA:21,3,0,0
BRDA:21,3,1,3
BRDA:44,4,0,2
BRDA:44,4,1,1
BRF:10
BRH:9
end_of_record
